<?xml version="1.0" encoding="UTF-8"?>
<testng-results ignored="0" total="1" passed="1" failed="0" skipped="0">
  <reporter-output>
  </reporter-output>
  <suite started-at="2024-07-30T14:25:22 IST" name="Default suite" finished-at="2024-07-30T14:25:38 IST" duration-ms="15798">
    <groups>
    </groups>
    <test started-at="2024-07-30T14:25:22 IST" name="Default test" finished-at="2024-07-30T14:25:38 IST" duration-ms="15798">
      <class name="ExtentReport.LoginFunctionWithCurrentCredential">
        <test-method signature="CorrectCredential()[pri:0, instance:ExtentReport.LoginFunctionWithCurrentCredential@229c6181]" started-at="2024-07-30T14:25:22 IST" name="CorrectCredential" finished-at="2024-07-30T14:25:38 IST" duration-ms="15614" status="PASS">
          <reporter-output>
          </reporter-output>
        </test-method> <!-- CorrectCredential -->
      </class> <!-- ExtentReport.LoginFunctionWithCurrentCredential -->
    </test> <!-- Default test -->
  </suite> <!-- Default suite -->
</testng-results>
